<?xml version="1.0" encoding="UTF-8"?>
<!-- Generated by org.testng.reporters.JUnitXMLReporter -->
<testsuite ignored="0" hostname="piyush-dalmia" failures="1" tests="3" name="Error Validations Test" time="31.67" errors="0" timestamp="2026-07-28T21:10:39 IST">
  <testcase classname="piyushDalmia.tests.ErrorValidations" name="validEmailIdorPassword" time="0.658">
    <skipped/>
  </testcase> <!-- validEmailIdorPassword -->
  <testcase classname="piyushDalmia.tests.ErrorValidations" name="validEmailIdorPassword" time="0.542">
    <failure type="java.lang.AssertionError" message="expected [Incorrect email or password.] but found [Incorrect email password.]">
      <![CDATA[java.lang.AssertionError: expected [Incorrect email or password.] but found [Incorrect email password.]
at piyushDalmia.tests.ErrorValidations.validEmailIdorPassword(ErrorValidations.java:34)
at java.base/java.util.ArrayList.forEach(ArrayList.java:1612)
at java.base/java.util.concurrent.FutureTask.run(FutureTask.java:330)
at java.base/java.util.concurrent.ThreadPoolExecutor.runWorker(ThreadPoolExecutor.java:1090)
at java.base/java.util.concurrent.ThreadPoolExecutor$Worker.run(ThreadPoolExecutor.java:614)
at java.base/java.lang.Thread.run(Thread.java:1516)
... Removed 21 stack frames]]>
    </failure>
  </testcase> <!-- validEmailIdorPassword -->
  <testcase classname="piyushDalmia.tests.ErrorValidations" name="verifyProduct" time="15.713"/>
</testsuite> <!-- Error Validations Test -->
