<?xml version="1.0" encoding="UTF-8"?>
<!-- Generated by org.testng.reporters.JUnitXMLReporter -->
<testsuite ignored="0" hostname="piyush-dalmia" failures="0" tests="3" name="StandAlone Test 2 Test" time="79.418" errors="0" timestamp="2026-07-28T21:11:27 IST">
  <testcase classname="piyushDalmia.tests.StandAloneTest2" name="orderCreation" time="15.263"/>
  <testcase classname="piyushDalmia.tests.StandAloneTest2" name="orderCreation" time="16.139"/>
  <testcase classname="piyushDalmia.tests.StandAloneTest2" name="oderHistoryTest" time="4.453"/>
</testsuite> <!-- StandAlone Test 2 Test -->
