<?xml version="1.0" encoding="UTF-8"?>
<!-- Generated by org.testng.reporters.JUnitXMLReporter -->
<testsuite ignored="0" hostname="piyush-dalmia" failures="0" tests="2" name="Error Validations Test" time="22.923" errors="0" timestamp="2026-08-02T00:19:42 IST">
  <testcase classname="piyushDalmia.tests.ErrorValidations" name="validEmailIdorPassword" time="1.045"/>
  <testcase classname="piyushDalmia.tests.ErrorValidations" name="verifyProduct" time="14.296"/>
</testsuite> <!-- Error Validations Test -->
