<?xml version="1.0" encoding="UTF-8"?>
<!-- Generated by org.testng.reporters.JUnitXMLReporter -->
<testsuite ignored="0" hostname="piyush-dalmia" failures="0" tests="3" name="StandAlone Test 2 Test" time="32.163" errors="0" timestamp="2026-08-02T00:19:50 IST">
  <testcase classname="piyushDalmia.tests.StandAloneTest2" name="orderCreation" time="3.326"/>
  <testcase classname="piyushDalmia.tests.StandAloneTest2" name="orderCreation" time="15.05"/>
  <testcase classname="piyushDalmia.tests.StandAloneTest2" name="oderHistoryTest" time="2.25"/>
</testsuite> <!-- StandAlone Test 2 Test -->
