<?xml version="1.0" encoding="UTF-8"?>
<!-- Generated by org.testng.reporters.JUnitReportReporter -->
<testsuite hostname="piyush-dalmia" failures="0" tests="3" name="piyushDalmia.tests.StandAloneTest2" time="79.174" errors="0" timestamp="2026-07-28T21:11:27 IST" skipped="0">
  <testcase classname="piyushDalmia.tests.StandAloneTest2" name="oderHistoryTest" time="8.734"/>
  <testcase classname="piyushDalmia.tests.StandAloneTest2" name="orderCreation" time="47.328"/>
  <testcase classname="piyushDalmia.tests.StandAloneTest2" name="orderCreation" time="23.112"/>
</testsuite> <!-- piyushDalmia.tests.StandAloneTest2 -->
