<?xml version="1.0" encoding="UTF-8"?>
<!-- Generated by org.testng.reporters.JUnitReportReporter -->
<testsuite hostname="piyush-dalmia" failures="0" tests="3" name="piyushDalmia.tests.StandAloneTest2" time="31.803" errors="0" timestamp="2026-08-02T00:19:51 IST" skipped="0">
  <testcase classname="piyushDalmia.tests.StandAloneTest2" name="orderCreation" time="17.260"/>
  <testcase classname="piyushDalmia.tests.StandAloneTest2" name="oderHistoryTest" time="5.778"/>
  <testcase classname="piyushDalmia.tests.StandAloneTest2" name="orderCreation" time="8.765"/>
</testsuite> <!-- piyushDalmia.tests.StandAloneTest2 -->
