<?xml version="1.0" encoding="UTF-8"?>
<!-- Generated by org.testng.reporters.JUnitReportReporter -->
<testsuite hostname="piyush-dalmia" failures="0" tests="2" name="piyushDalmia.tests.ErrorValidations" time="22.871" errors="0" timestamp="2026-08-02T00:19:51 IST" skipped="0">
  <testcase classname="piyushDalmia.tests.ErrorValidations" name="validEmailIdorPassword" time="3.768"/>
  <testcase classname="piyushDalmia.tests.ErrorValidations" name="verifyProduct" time="19.103"/>
</testsuite> <!-- piyushDalmia.tests.ErrorValidations -->
